\BOOKMARK [1][-]{section.1}{Introduction}{}% 1
\BOOKMARK [1][-]{section.2}{Run and test}{}% 2
\BOOKMARK [1][-]{section.3}{The project}{}% 3
\BOOKMARK [2][-]{subsection.3.1}{What is MIPS ?}{section.3}% 4
\BOOKMARK [2][-]{subsection.3.2}{All features}{section.3}% 5
\BOOKMARK [2][-]{subsection.3.3}{Program structure and delivrables}{section.3}% 6
\BOOKMARK [2][-]{subsection.3.4}{Project management tools}{section.3}% 7
\BOOKMARK [1][-]{section.4}{Delivrable 1}{}% 8
\BOOKMARK [2][-]{subsection.4.1}{Goals and features}{section.4}% 9
\BOOKMARK [2][-]{subsection.4.2}{Examples and test}{section.4}% 10
\BOOKMARK [1][-]{section.5}{Delivrable 2}{}% 11
\BOOKMARK [2][-]{subsection.5.1}{Goals and features}{section.5}% 12
\BOOKMARK [2][-]{subsection.5.2}{Examples and test}{section.5}% 13
\BOOKMARK [1][-]{section.6}{Delivrable 3}{}% 14
\BOOKMARK [2][-]{subsection.6.1}{Goals and features}{section.6}% 15
\BOOKMARK [2][-]{subsection.6.2}{Examples and test}{section.6}% 16
\BOOKMARK [1][-]{section.7}{Delivrable 4}{}% 17
\BOOKMARK [2][-]{subsection.7.1}{Goals and features}{section.7}% 18
\BOOKMARK [2][-]{subsection.7.2}{Examples and test}{section.7}% 19
\BOOKMARK [1][-]{appendix.A}{All test functions by ID}{}% 20
